2016-10-15T16:37:19 Checking update-file '/usr/share/kde4/apps/kconf_update/devicepreference.upd' for new updates
2016-10-15T16:37:19 devicepreference.upd: Found new update 'DevicesMovedToPlatformPlugin'
2016-10-15T16:37:19 devicepreference.upd: Running script 'phonon_devicepreference_update'
2016-10-15T16:37:19 devicepreference.upd: Found new update 'DevicesUIDsChanged'
2016-10-15T16:37:19 devicepreference.upd: Running script 'phonon_deviceuids_update'
2016-10-15T16:37:19 Checking update-file '/usr/share/kde4/apps/kconf_update/drkonqi-rename-config-section.upd' for new updates
2016-10-15T16:37:19 drkonqi-rename-config-section.upd: Found new update 'kde-4.11'
2016-10-15T16:37:19 drkonqi-rename-config-section.upd: File 'drkonqirc' does not exist or empty, skipping
2016-10-15T16:37:19 Checking update-file '/usr/share/kde4/apps/kconf_update/grantleetheme.upd' for new updates
2016-10-15T16:37:19 grantleetheme.upd: Found new update 'initial-grantlee-theme-migration'
2016-10-15T16:37:19 grantleetheme.upd: File 'kmail2rc' does not exist or empty, skipping
2016-10-15T16:37:19 Checking update-file '/usr/share/kde4/apps/kconf_update/kate-2.4.upd' for new updates
2016-10-15T16:37:19 kate-2.4.upd: Found new update 'kate2.4'
2016-10-15T16:37:19 Checking update-file '/usr/share/kde4/apps/kconf_update/kcalcrc.upd' for new updates
2016-10-15T16:37:19 kcalcrc.upd: Found new update 'KDE_3_2_0'
2016-10-15T16:37:19 kcalcrc.upd: File 'kcalcrc' does not exist or empty, skipping
2016-10-15T16:37:19 kcalcrc.upd: Found new update 'KDE_4_3_0'
2016-10-15T16:37:19 kcalcrc.upd: File 'kcalcrc' does not exist or empty, skipping
2016-10-15T16:37:19 Checking update-file '/usr/share/kde4/apps/kconf_update/kcookiescfg.upd' for new updates
2016-10-15T16:37:19 kcookiescfg.upd: Found new update 'kde2.2/b1'
2016-10-15T16:37:19 kcookiescfg.upd: File 'kcookiejarrc' does not exist or empty, skipping
2016-10-15T16:37:19 kcookiescfg.upd: Found new update 'kde3.1/cvs'
2016-10-15T16:37:19 kcookiescfg.upd: File 'kcookiejarrc' does not exist or empty, skipping
2016-10-15T16:37:19 kcookiescfg.upd: Found new update 'kde4.10/git'
2016-10-15T16:37:19 kcookiescfg.upd: File 'kcookiejarrc' does not exist or empty, skipping
2016-10-15T16:37:19 Checking update-file '/usr/share/kde4/apps/kconf_update/kded.upd' for new updates
2016-10-15T16:37:19 kded.upd: Found new update 'kde3.0'
2016-10-15T16:37:19 Checking update-file '/usr/share/kde4/apps/kconf_update/kdeui.upd' for new updates
2016-10-15T16:37:19 kdeui.upd: Found new update 'kde4/migrate_from_kde3_icon_theme'
2016-10-15T16:37:19 kdeui.upd: File 'kdeglobals' does not exist or empty, skipping
2016-10-15T16:37:19 Checking update-file '/usr/share/kde4/apps/kconf_update/kio_help.upd' for new updates
2016-10-15T16:37:19 kio_help.upd: Found new update 'kde3_2'
2016-10-15T16:37:19 kio_help.upd: Running script 'move_kio_help_cache.sh'
2016-10-15T16:37:19 [Script] mv: der Aufruf von stat für „/home/user/.kde/share/apps/kio_help/cache“ ist nicht möglich: Datei oder Verzeichnis nicht gefunden
2016-10-15T16:37:19 [Script] rmdir: konnte „/home/user/.kde/share/apps/kio_help“ nicht entfernen: Datei oder Verzeichnis nicht gefunden
2016-10-15T16:37:19 Checking update-file '/usr/share/kde4/apps/kconf_update/kioslave.upd' for new updates
2016-10-15T16:37:19 kioslave.upd: Found new update 'kde2.2/r1'
2016-10-15T16:37:19 kioslave.upd: File 'kioslaverc' does not exist or empty, skipping
2016-10-15T16:37:19 kioslave.upd: Skipping update 'kde2.2/r1'
2016-10-15T16:37:19 kioslave.upd: File 'kioslaverc' does not exist or empty, skipping
2016-10-15T16:37:19 kioslave.upd: Found new update 'kde2.2/r2'
2016-10-15T16:37:19 kioslave.upd: File 'kioslaverc' does not exist or empty, skipping
2016-10-15T16:37:19 kioslave.upd: Found new update 'kde2.2/r3'
2016-10-15T16:37:19 kioslave.upd: File 'kioslaverc' does not exist or empty, skipping
2016-10-15T16:37:19 Checking update-file '/usr/share/kde4/apps/kconf_update/klipper-kconfigxt.upd' for new updates
2016-10-15T16:37:19 klipper-kconfigxt.upd: Found new update 'KlipperNoSpacesInKeyNames'
2016-10-15T16:37:19 klipper-kconfigxt.upd: File 'klipperrc' does not exist or empty, skipping
2016-10-15T16:37:19 Checking update-file '/usr/share/kde4/apps/kconf_update/kmail.upd' for new updates
2016-10-15T16:37:19 kmail.upd: Found new update '1'
2016-10-15T16:37:19 kmail.upd: File 'kmail2rc' does not exist or empty, skipping
2016-10-15T16:37:19 kmail.upd: Found new update '4'
2016-10-15T16:37:19 kmail.upd: File 'kmail2rc' does not exist or empty, skipping
2016-10-15T16:37:19 kmail.upd: Found new update '5'
2016-10-15T16:37:19 kmail.upd: File 'kmail2rc' does not exist or empty, skipping
2016-10-15T16:37:19 kmail.upd: File 'kpgprc' does not exist or empty, skipping
2016-10-15T16:37:19 kmail.upd: Found new update '6'
2016-10-15T16:37:19 kmail.upd: File 'kmail2rc' does not exist or empty, skipping
2016-10-15T16:37:19 kmail.upd: Found new update '7'
2016-10-15T16:37:19 kmail.upd: File 'kmail2rc' does not exist or empty, skipping
2016-10-15T16:37:19 kmail.upd: Found new update '8'
2016-10-15T16:37:19 kmail.upd: File 'kmail2rc' does not exist or empty, skipping
2016-10-15T16:37:19 kmail.upd: Found new update '9'
2016-10-15T16:37:19 kmail.upd: File 'kmail2rc' does not exist or empty, skipping
2016-10-15T16:37:19 kmail.upd: Found new update '3.1-update-identities'
2016-10-15T16:37:19 kmail.upd: File 'kmail2rc' does not exist or empty, skipping
2016-10-15T16:37:19 kmail.upd: Found new update '3.1-use-identity-uoids'
2016-10-15T16:37:19 kmail.upd: File 'kmail2rc' does not exist or empty, skipping
2016-10-15T16:37:19 kmail.upd: Found new update '3.1-new-mail-notification'
2016-10-15T16:37:19 kmail.upd: File 'kmail2rc' does not exist or empty, skipping
2016-10-15T16:37:19 kmail.upd: Found new update '3.2-update-loop-on-goto-unread-settings'
2016-10-15T16:37:19 kmail.upd: File 'kmail2rc' does not exist or empty, skipping
2016-10-15T16:37:19 kmail.upd: Found new update '3.1.4-dont-use-UOID-0-for-any-identity'
2016-10-15T16:37:19 kmail.upd: File 'kmail2rc' does not exist or empty, skipping
2016-10-15T16:37:19 kmail.upd: Found new update '3.2-misc'
2016-10-15T16:37:19 kmail.upd: File 'kmail2rc' does not exist or empty, skipping
2016-10-15T16:37:19 kmail.upd: Found new update '3.2-moves'
2016-10-15T16:37:19 kmail.upd: File 'kmail2rc' does not exist or empty, skipping
2016-10-15T16:37:19 kmail.upd: Found new update '3.3-use-ID-for-accounts'
2016-10-15T16:37:19 kmail.upd: File 'kmail2rc' does not exist or empty, skipping
2016-10-15T16:37:19 kmail.upd: Found new update '3.3-update-filter-rules'
2016-10-15T16:37:19 kmail.upd: File 'kmail2rc' does not exist or empty, skipping
2016-10-15T16:37:19 kmail.upd: Found new update '3.3-move-identities-to-own-file'
2016-10-15T16:37:19 kmail.upd: File 'kmail2rc' does not exist or empty, skipping
2016-10-15T16:37:19 kmail.upd: Found new update '3.3-aegypten-kpgprc-to-kmailrc'
2016-10-15T16:37:19 kmail.upd: File 'kpgprc' does not exist or empty, skipping
2016-10-15T16:37:19 kmail.upd: Found new update '3.3-aegypten-kpgprc-to-libkleopatrarc'
2016-10-15T16:37:19 kmail.upd: File 'kpgprc' does not exist or empty, skipping
2016-10-15T16:37:19 kmail.upd: Found new update '3.3-aegypten-emailidentities-split-sign-encr-keys'
2016-10-15T16:37:19 kmail.upd: File 'emailidentities' does not exist or empty, skipping
2016-10-15T16:37:19 kmail.upd: Found new update '3.3-misc'
2016-10-15T16:37:19 kmail.upd: File 'kmail2rc' does not exist or empty, skipping
2016-10-15T16:37:19 kmail.upd: Found new update '3.3b1-misc'
2016-10-15T16:37:19 kmail.upd: File 'kmail2rc' does not exist or empty, skipping
2016-10-15T16:37:19 kmail.upd: Found new update '3.4'
2016-10-15T16:37:19 kmail.upd: File 'kmail2rc' does not exist or empty, skipping
2016-10-15T16:37:19 kmail.upd: Found new update '3.4a'
2016-10-15T16:37:19 kmail.upd: File 'kmail2rc' does not exist or empty, skipping
2016-10-15T16:37:19 kmail.upd: Found new update '3.4b'
2016-10-15T16:37:19 kmail.upd: File 'kmail2rc' does not exist or empty, skipping
2016-10-15T16:37:19 kmail.upd: Found new update '3.4.1'
2016-10-15T16:37:19 kmail.upd: File 'kmail2rc' does not exist or empty, skipping
2016-10-15T16:37:20 kmail.upd: Found new update '3.5.4'
2016-10-15T16:37:20 kmail.upd: File 'kmail2rc' does not exist or empty, skipping
2016-10-15T16:37:20 kmail.upd: Found new update '3.5.7-imap-flag-migration'
2016-10-15T16:37:20 kmail.upd: File 'kmail2rc' does not exist or empty, skipping
2016-10-15T16:37:20 kmail.upd: Found new update '4.0-misc'
2016-10-15T16:37:20 kmail.upd: File 'kmail2rc' does not exist or empty, skipping
2016-10-15T16:37:20 kmail.upd: Found new update '4.2'
2016-10-15T16:37:20 kmail.upd: File 'kmail2rc' does not exist or empty, skipping
2016-10-15T16:37:20 kmail.upd: Found new update '4.4-akonadi'
2016-10-15T16:37:20 kmail.upd: File 'kmail2rc' does not exist or empty, skipping
2016-10-15T16:37:20 kmail.upd: Found new update '4.12'
2016-10-15T16:37:20 kmail.upd: File 'kmail2rc' does not exist or empty, skipping
2016-10-15T16:37:20 kmail.upd: Found new update '4.13'
2016-10-15T16:37:20 kmail.upd: File 'akonadi_folderarchive_agentrc' does not exist or empty, skipping
2016-10-15T16:37:20 kmail.upd: Found new update '4.13.2'
2016-10-15T16:37:20 kmail.upd: File 'kmail2rc' does not exist or empty, skipping
2016-10-15T16:37:20 Checking update-file '/usr/share/kde4/apps/kconf_update/konsole.upd' for new updates
2016-10-15T16:37:20 konsole.upd: Found new update '2.9.0-global-options'
2016-10-15T16:37:20 konsole.upd: File 'konsolerc' does not exist or empty, skipping
2016-10-15T16:37:20 konsole.upd: Found new update '2.9.0-colorscheme-bold-key'
2016-10-15T16:37:20 konsole.upd: Running script 'konsole-2.9.0-colorscheme-bold-key.sh'
2016-10-15T16:37:20 konsole.upd: Found new update '2.10.0-remove-menuindex-from-profiles'
2016-10-15T16:37:20 konsole.upd: Running script 'konsole-2.10.0-remove-menuindex-from-profiles.sh'
2016-10-15T16:37:20 Checking update-file '/usr/share/kde4/apps/kconf_update/konsole_remove_background_mode.upd' for new updates
2016-10-15T16:37:20 konsole_remove_background_mode.upd: Found new update '2.11.0-remove-background-mode'
2016-10-15T16:37:20 Checking update-file '/usr/share/kde4/apps/kconf_update/kopete-account-kconf_update.upd' for new updates
2016-10-15T16:37:20 kopete-account-kconf_update.upd: Found new update 'kopete0.7/r1'
2016-10-15T16:37:20 kopete-account-kconf_update.upd: Running script 'kopete-account-kconf_update.sh'
2016-10-15T16:37:20 [Script] /usr/share/kde4/apps/kconf_update/kopete-account-kconf_update.sh: 1: /usr/share/kde4/apps/kconf_update/kopete-account-kconf_update.sh: kde-config: not found
2016-10-15T16:37:20 kopete-account-kconf_update.upd: Found new update 'kopete0.10/r1'
2016-10-15T16:37:20 kopete-account-kconf_update.upd: Running script 'kopete-account-0.10.pl'
2016-10-15T16:37:20 Checking update-file '/usr/share/kde4/apps/kconf_update/kopete-gaim_to_pidgin_style.upd' for new updates
2016-10-15T16:37:20 kopete-gaim_to_pidgin_style.upd: Found new update 'kopete0.70.85/r1'
2016-10-15T16:37:20 kopete-gaim_to_pidgin_style.upd: Running script 'kopete-gaim_to_pidgin_style.pl'
2016-10-15T16:37:20 Checking update-file '/usr/share/kde4/apps/kconf_update/kopete-initialstatus.upd' for new updates
2016-10-15T16:37:20 kopete-initialstatus.upd: Found new update 'kopete0.60.80/r1'
2016-10-15T16:37:20 kopete-initialstatus.upd: Running script 'kopete-initialstatus.pl'
2016-10-15T16:37:20 kopete-initialstatus.upd: Script removes kopeterc:Behavior:autoConnect
2016-10-15T16:37:20 Checking update-file '/usr/share/kde4/apps/kconf_update/kopete-jabberpriorityaddition-kconf_update.upd' for new updates
2016-10-15T16:37:20 kopete-jabberpriorityaddition-kconf_update.upd: Found new update 'kopete0.9/r1'
2016-10-15T16:37:20 kopete-jabberpriorityaddition-kconf_update.upd: Running script 'kopete-jabberpriorityaddition-kconf_update.sh'
2016-10-15T16:37:20 Checking update-file '/usr/share/kde4/apps/kconf_update/kopete-jabberproxytype-kconf_update.upd' for new updates
2016-10-15T16:37:20 kopete-jabberproxytype-kconf_update.upd: Found new update 'kopete0.9/r1'
2016-10-15T16:37:20 kopete-jabberproxytype-kconf_update.upd: Running script 'kopete-jabberproxytype-kconf_update.sh'
2016-10-15T16:37:20 Checking update-file '/usr/share/kde4/apps/kconf_update/kopete-nameTracking.upd' for new updates
2016-10-15T16:37:20 kopete-nameTracking.upd: Found new update 'kopete0.9/r1'
2016-10-15T16:37:20 kopete-nameTracking.upd:3:'Script=kopete-nameTracking-kconf_update': Script 'kopete-nameTracking-kconf_update' not found
2016-10-15T16:37:20 Checking update-file '/usr/share/kde4/apps/kconf_update/kopete-pluginloader.upd' for new updates
2016-10-15T16:37:20 kopete-pluginloader.upd: Found new update 'kopete0.7/r1'
2016-10-15T16:37:20 kopete-pluginloader.upd: Running script 'kopete-pluginloader.pl'
2016-10-15T16:37:20 kopete-pluginloader.upd: Script removes kopeterc::Modules
2016-10-15T16:37:20 Checking update-file '/usr/share/kde4/apps/kconf_update/kopete-pluginloader2.upd' for new updates
2016-10-15T16:37:20 kopete-pluginloader2.upd: Found new update 'kopete0.8/r1'
2016-10-15T16:37:20 kopete-pluginloader2.upd: Running script 'kopete-pluginloader2.sh'
2016-10-15T16:37:20 [Script] /usr/share/kde4/apps/kconf_update/kopete-pluginloader2.sh: 1: /usr/share/kde4/apps/kconf_update/kopete-pluginloader2.sh: kde-config: not found
2016-10-15T16:37:20 Checking update-file '/usr/share/kde4/apps/kconf_update/kopete-update_icq_server.upd' for new updates
2016-10-15T16:37:20 kopete-update_icq_server.upd: Found new update 'kopete-update-icq-server/r1'
2016-10-15T16:37:20 kopete-update_icq_server.upd: Running script 'kopete-update_icq_server.pl'
2016-10-15T16:37:20 Checking update-file '/usr/share/kde4/apps/kconf_update/kopete-update_icq_ssl.upd' for new updates
2016-10-15T16:37:20 kopete-update_icq_ssl.upd: Found new update 'kopete-update-icq-ssl/r1'
2016-10-15T16:37:20 kopete-update_icq_ssl.upd: Running script 'kopete-update_icq_ssl.pl'
2016-10-15T16:37:20 Checking update-file '/usr/share/kde4/apps/kconf_update/kopete-update_yahoo_server.upd' for new updates
2016-10-15T16:37:20 kopete-update_yahoo_server.upd: Found new update 'kopete-update-yahoo-server/r1'
2016-10-15T16:37:20 kopete-update_yahoo_server.upd: Running script 'kopete-update_yahoo_server.pl'
2016-10-15T16:37:20 Checking update-file '/usr/share/kde4/apps/kconf_update/korganizer.upd' for new updates
2016-10-15T16:37:20 korganizer.upd: Found new update 'korganizer_3.4_GroupwareCleanup'
2016-10-15T16:37:20 korganizer.upd: File 'korganizerrc' does not exist or empty, skipping
2016-10-15T16:37:20 korganizer.upd: Found new update 'korganizer_3.4_WebExport'
2016-10-15T16:37:20 korganizer.upd: File 'korganizerrc' does not exist or empty, skipping
2016-10-15T16:37:20 korganizer.upd: Found new update 'korganizer_3.4_FilterAction'
2016-10-15T16:37:20 korganizer.upd: File 'korganizerrc' does not exist or empty, skipping
2016-10-15T16:37:20 korganizer.upd: Found new update 'korganizer_3.4_HolidayPlugin'
2016-10-15T16:37:20 korganizer.upd: File 'korganizerrc' does not exist or empty, skipping
2016-10-15T16:37:20 korganizer.upd: Found new update 'korganizer_4.3_ShowTodos'
2016-10-15T16:37:20 korganizer.upd: File 'korganizerrc' does not exist or empty, skipping
2016-10-15T16:37:20 korganizer.upd: Found new update 'korganizer_4.4_MoveFreeBusy'
2016-10-15T16:37:20 korganizer.upd: File 'korganizerrc' does not exist or empty, skipping
2016-10-15T16:37:20 korganizer.upd: Found new update 'korganizer_4.13_RenamePrintingRC'
2016-10-15T16:37:20 korganizer.upd: File 'korganizer_printing.rc' does not exist or empty, skipping
2016-10-15T16:37:20 Checking update-file '/usr/share/kde4/apps/kconf_update/kpgp.upd' for new updates
2016-10-15T16:37:20 kpgp.upd: Found new update 'preKDE3_a'
2016-10-15T16:37:20 kpgp.upd: File 'kpgprc' does not exist or empty, skipping
2016-10-15T16:37:20 kpgp.upd: Found new update '3.1-1'
2016-10-15T16:37:20 kpgp.upd: File 'kpgprc' does not exist or empty, skipping
2016-10-15T16:37:20 Checking update-file '/usr/share/kde4/apps/kconf_update/krdb_libpathwipe.upd' for new updates
2016-10-15T16:37:20 krdb_libpathwipe.upd: Found new update 'LibraryPathWipeOut'
2016-10-15T16:37:20 krdb_libpathwipe.upd: Running script 'krdb_clearlibrarypath'
2016-10-15T16:37:20 Checking update-file '/usr/share/kde4/apps/kconf_update/kscreenlocker_locksession-shortcut.upd' for new updates
2016-10-15T16:37:20 kscreenlocker_locksession-shortcut.upd: Found new update '4.9-locksession-shortcut'
2016-10-15T16:37:20 kscreenlocker_locksession-shortcut.upd: Running script 'force_krunner_lock_shortcut_unreg'
2016-10-15T16:37:20 [Script] QDBusConnection: session D-Bus connection created before QCoreApplication. Application may misbehave.
2016-10-15T16:37:20 Checking update-file '/usr/share/kde4/apps/kconf_update/ksmserver_shortcuts.upd' for new updates
2016-10-15T16:37:20 ksmserver_shortcuts.upd: Found new update 'kde4.10'
2016-10-15T16:37:20 ksmserver_shortcuts.upd: Found new update 'kde4.10-remove-group-kscreenlocker'
2016-10-15T16:37:20 Checking update-file '/usr/share/kde4/apps/kconf_update/ksslcertificatemanager.upd' for new updates
2016-10-15T16:37:20 ksslcertificatemanager.upd: Found new update 'kde4.2'
2016-10-15T16:37:20 ksslcertificatemanager.upd: Running script 'ksslcertificatemanager.upd.sh'
2016-10-15T16:37:20 [Script] rm: das Entfernen von „/home/user/.kde//share/config/ksslcertificatemanager“ ist nicht möglich: Datei oder Verzeichnis nicht gefunden
2016-10-15T16:37:20 ksslcertificatemanager.upd: !! An error occurred while running 'sh /usr/share/kde4/apps/kconf_update/ksslcertificatemanager.upd.sh'
2016-10-15T16:37:20 Checking update-file '/usr/share/kde4/apps/kconf_update/kuriikwsfilter.upd' for new updates
2016-10-15T16:37:20 kuriikwsfilter.upd: Found new update 'post-kde3.1/cvs'
2016-10-15T16:37:20 kuriikwsfilter.upd: File 'kuriikwsfilterrc' does not exist or empty, skipping
2016-10-15T16:37:20 kuriikwsfilter.upd: Found new update 'pre-kde4.9'
2016-10-15T16:37:20 kuriikwsfilter.upd: File 'kuriikwsfilterrc' does not exist or empty, skipping
2016-10-15T16:37:20 Checking update-file '/usr/share/kde4/apps/kconf_update/kwallet-4.13.upd' for new updates
2016-10-15T16:37:20 kwallet-4.13.upd: Found new update 'kde4.13'
2016-10-15T16:37:20 kwallet-4.13.upd: File 'kwalletrc' does not exist or empty, skipping
2016-10-15T16:37:20 Checking update-file '/usr/share/kde4/apps/kconf_update/kwin_fsp_workarounds_1.upd' for new updates
2016-10-15T16:37:20 kwin_fsp_workarounds_1.upd: Found new update 'kde351'
2016-10-15T16:37:20 kwin_fsp_workarounds_1.upd: Running script 'kwin_update_default_rules' with arguments 'fsp_workarounds_1.kwinrules'
2016-10-15T16:37:20 [Script] QDBusConnection: session D-Bus connection created before QCoreApplication. Application may misbehave.
2016-10-15T16:37:20 Checking update-file '/usr/share/kde4/apps/kconf_update/kwin_remove_delay_focus.upd' for new updates
2016-10-15T16:37:20 kwin_remove_delay_focus.upd: Found new update 'Kwin-4.8'
2016-10-15T16:37:20 kwin_remove_delay_focus.upd: Running script 'kwin_remove_delay_focus.sh'
2016-10-15T16:37:20 Checking update-file '/usr/share/kde4/apps/kconf_update/kwin_remove_effects.upd' for new updates
2016-10-15T16:37:20 kwin_remove_effects.upd: Found new update 'kwin4.7_effects'
2016-10-15T16:37:20 kwin_remove_effects.upd: File 'kwinrc' does not exist or empty, skipping
2016-10-15T16:37:20 Checking update-file '/usr/share/kde4/apps/kconf_update/kwin_translate_activity_rule.upd' for new updates
2016-10-15T16:37:20 kwin_translate_activity_rule.upd: Found new update 'Kwin-4.10'
2016-10-15T16:37:20 kwin_translate_activity_rule.upd: Running script 'kwin_translate_activity_rule.sh'
2016-10-15T16:37:20 Checking update-file '/usr/share/kde4/apps/kconf_update/kwin_translate_confrequest_rule.upd' for new updates
2016-10-15T16:37:20 kwin_translate_confrequest_rule.upd: Found new update 'Kwin-4.11'
2016-10-15T16:37:20 kwin_translate_confrequest_rule.upd: Running script 'kwin_translate_confrequest_rule.sh'
2016-10-15T16:37:20 Checking update-file '/usr/share/kde4/apps/kconf_update/kwin_update_410.upd' for new updates
2016-10-15T16:37:20 kwin_update_410.upd: Found new update 'Kwin-4.10_1'
2016-10-15T16:37:20 kwin_update_410.upd: Running script 'kwin_update_settings_410'
2016-10-15T16:37:20 [Script] QDBusConnection: session D-Bus connection created before QCoreApplication. Application may misbehave.
2016-10-15T16:37:20 Checking update-file '/usr/share/kde4/apps/kconf_update/kwin_update_411.upd' for new updates
2016-10-15T16:37:20 kwin_update_411.upd: Found new update 'Kwin-4.11_0'
2016-10-15T16:37:20 kwin_update_411.upd: Running script 'kwin_update_settings_411'
2016-10-15T16:37:20 Checking update-file '/usr/share/kde4/apps/kconf_update/kwin_update_49.upd' for new updates
2016-10-15T16:37:20 kwin_update_49.upd: Found new update 'Kwin-4.9'
2016-10-15T16:37:20 kwin_update_49.upd: Running script 'kwin_update_settings_49'
2016-10-15T16:37:20 [Script] QDBusConnection: session D-Bus connection created before QCoreApplication. Application may misbehave.
2016-10-15T16:37:20 Checking update-file '/usr/share/kde4/apps/kconf_update/kwin_update_tabbox_qml_settings.upd' for new updates
2016-10-15T16:37:20 kwin_update_tabbox_qml_settings.upd: Found new update 'Kwin-4.8'
2016-10-15T16:37:20 kwin_update_tabbox_qml_settings.upd: Running script 'kwin_update_tabbox_qml_settings'
2016-10-15T16:37:20 [Script] QDBusConnection: session D-Bus connection created before QCoreApplication. Application may misbehave.
2016-10-15T16:37:20 Checking update-file '/usr/share/kde4/apps/kconf_update/kwin_update_tabbox_settings.upd' for new updates
2016-10-15T16:37:20 kwin_update_tabbox_settings.upd: Found new update 'Kwin-4.4'
2016-10-15T16:37:20 kwin_update_tabbox_settings.upd: Running script 'kwin_update_tabbox_settings'
2016-10-15T16:37:20 [Script] QDBusConnection: session D-Bus connection created before QCoreApplication. Application may misbehave.
2016-10-15T16:37:20 Checking update-file '/usr/share/kde4/apps/kconf_update/mailfilteragent.upd' for new updates
2016-10-15T16:37:20 mailfilteragent.upd: Found new update 'initial-mailfilteragent-migration'
2016-10-15T16:37:20 mailfilteragent.upd: File 'kmail2rc' does not exist or empty, skipping
2016-10-15T16:37:20 Checking update-file '/usr/share/kde4/apps/kconf_update/mailtransports.upd' for new updates
2016-10-15T16:37:20 mailtransports.upd: Found new update 'initial-kmail-migration'
2016-10-15T16:37:20 mailtransports.upd: File 'kmailrc' does not exist or empty, skipping
2016-10-15T16:37:20 mailtransports.upd: Found new update 'initial-knode-migration'
2016-10-15T16:37:20 mailtransports.upd: File 'knoderc' does not exist or empty, skipping
2016-10-15T16:37:20 Checking update-file '/usr/share/kde4/apps/kconf_update/newmailnotifier.upd' for new updates
2016-10-15T16:37:20 newmailnotifier.upd: Found new update 'initial-newmailnotifier-migration'
2016-10-15T16:37:20 newmailnotifier.upd: File 'kmail2rc' does not exist or empty, skipping
2016-10-15T16:37:20 Checking update-file '/usr/share/kde4/apps/kconf_update/noteglobalsettings.upd' for new updates
2016-10-15T16:37:20 noteglobalsettings.upd: Found new update 'initial-noteagent-migration'
2016-10-15T16:37:20 noteglobalsettings.upd: File 'knotesrc' does not exist or empty, skipping
2016-10-15T16:37:20 noteglobalsettings.upd: Found new update 'selectcollection-noteagent-migration'
2016-10-15T16:37:20 noteglobalsettings.upd: File 'knotesrc' does not exist or empty, skipping
2016-10-15T16:37:20 Checking update-file '/usr/share/kde4/apps/kconf_update/notifications-to-orgkdenotifications.upd' for new updates
2016-10-15T16:37:20 notifications-to-orgkdenotifications.upd: Found new update '4.10QmlNotifications'
2016-10-15T16:37:20 notifications-to-orgkdenotifications.upd: Running script 'notifications-to-orgkdenotifications'
2016-10-15T16:37:20 Checking update-file '/usr/share/kde4/apps/kconf_update/okular.upd' for new updates
2016-10-15T16:37:20 okular.upd: Found new update 'sep_settings'
2016-10-15T16:37:20 okular.upd: File 'okularpartrc' does not exist or empty, skipping
2016-10-15T16:37:20 Checking update-file '/usr/share/kde4/apps/kconf_update/oxygen.upd' for new updates
2016-10-15T16:37:20 oxygen.upd: Found new update '1'
2016-10-15T16:37:20 oxygen.upd: File 'oxygenrc' does not exist or empty, skipping
2016-10-15T16:37:20 Checking update-file '/usr/share/kde4/apps/kconf_update/plasma-add-shortcut-to-menu.upd' for new updates
2016-10-15T16:37:20 plasma-add-shortcut-to-menu.upd: Found new update '4.1LauncherShortcut'
2016-10-15T16:37:20 plasma-add-shortcut-to-menu.upd:2:'Script=plasma-add-shortcut-to-menu-update': Script 'plasma-add-shortcut-to-menu-update' not found
2016-10-15T16:37:20 Checking update-file '/usr/share/kde4/apps/kconf_update/plasma-to-plasmadesktop-shortcuts.upd' for new updates
2016-10-15T16:37:20 plasma-to-plasmadesktop-shortcuts.upd: Found new update '4.3plasma-desktop-shortcuts'
2016-10-15T16:37:20 Checking update-file '/usr/share/kde4/apps/kconf_update/plasmarc-to-plasmadesktoprc.upd' for new updates
2016-10-15T16:37:20 plasmarc-to-plasmadesktoprc.upd: Found new update '4.3plasma-desktop'
2016-10-15T16:37:20 plasmarc-to-plasmadesktoprc.upd: Running script 'plasma-to-plasma-desktop'
